<?xml version="1.0" encoding="utf-8"?><testsuites name="pytest tests"><testsuite name="pytest" errors="0" failures="1" skipped="0" tests="25" time="5.771" timestamp="2026-09-16T04:56:07.077562+00:00" hostname="agent-env-73fa08e6-be10-470d-b2a1-2bda49350d8e"><testcase classname="tests.backend_test.TestOfficerRegistration" name="test_officer_register_pending" time="0.621" /><testcase classname="tests.backend_test.TestOfficerRegistration" name="test_pending_officer_cannot_login" time="0.514" /><testcase classname="tests.backend_test.TestBookingProcessing" name="test_admin_cannot_start" time="2.103"><failure message="AssertionError: REQ: admin should get 403 on start; got 200&#10;assert 200 == 403&#10; +  where 200 = &lt;Response [200]&gt;.status_code">E   AssertionError: REQ: admin should get 403 on start; got 200
    assert 200 == 403
     +  where 200 = &lt;Response [200]&gt;.status_code</failure></testcase><testcase classname="tests.backend_test.TestOfficerRegistration" name="test_admin_approves_officer" time="0.627" /><testcase classname="tests.backend_test.TestOfficerRegistration" name="test_approved_officer_can_login" time="0.336" /><testcase classname="tests.backend_test.TestOfficerRegistration" name="test_officer_register_bad_commission" time="0.207" /><testcase classname="tests.backend_test.TestBookingProcessing" name="test_admin_cannot_complete" time="0.384" /><testcase classname="tests.backend_test.TestOfficerRegistration" name="test_officer_register_bad_aadhaar" time="0.120" /><testcase classname="tests.backend_test.TestMachineryJobsIsolation" name="test_admin_sees_all_machinery" time="0.127" /><testcase classname="tests.backend_test.TestBookingProcessing" name="test_admin_cannot_pay" time="0.426" /><testcase classname="tests.backend_test.TestMachineryJobsIsolation" name="test_officer_machinery_scoped" time="0.464" /><testcase classname="tests.backend_test.TestBookingProcessing" name="test_officer_can_start_and_complete" time="0.563" /><testcase classname="tests.backend_test.TestMachineryJobsIsolation" name="test_admin_sees_all_jobs" time="0.110" /><testcase classname="tests.backend_test.TestMachineryJobsIsolation" name="test_officer_jobs_scoped" time="0.123" /><testcase classname="tests.backend_test.TestBookingIsolation" name="test_admin_sees_all_bookings" time="0.228" /><testcase classname="tests.backend_test.TestBookingProcessing" name="test_cross_officer_cannot_access_other_mandi_booking" time="1.263" /><testcase classname="tests.backend_test.TestBookingIsolation" name="test_officer_sees_only_khanna" time="0.134" /><testcase classname="tests.backend_test.TestBookingIsolation" name="test_officer_sees_fewer_than_admin" time="0.348" /><testcase classname="tests.backend_test.TestHealth" name="test_crops" time="0.116" /><testcase classname="tests.backend_test.TestHealth" name="test_mandis" time="0.307" /><testcase classname="tests.backend_test.TestJobDecideAuth" name="test_admin_cannot_decide_application" time="0.259" /><testcase classname="tests.backend_test.TestGrievances" name="test_farmer_creates_grievance_with_mandi" time="0.123" /><testcase classname="tests.backend_test.TestGrievances" name="test_grievance_requires_mandi" time="0.111" /><testcase classname="tests.backend_test.TestGrievances" name="test_admin_sees_all_grievances" time="0.127" /><testcase classname="tests.backend_test.TestGrievances" name="test_officer_sees_only_own_mandi_grievances" time="0.138" /></testsuite></testsuites>